k9mail/manifest-merger-release-report.txt
-- Merging decision tree log ---
manifest
ADDED from AndroidManifest.xml:2:1
	package
		ADDED from AndroidManifest.xml:3:5
	android:versionName
		ADDED from AndroidManifest.xml:6:5
	android:versionCode
		ADDED from AndroidManifest.xml:5:5
		INJECTED from AndroidManifest.xml:0:0
		INJECTED from AndroidManifest.xml:0:0
	xmlns:android
		ADDED from AndroidManifest.xml:4:5
uses-feature#android.hardware.touchscreen
ADDED from AndroidManifest.xml:8:5
	android:required
		ADDED from AndroidManifest.xml:10:9
	android:name
		ADDED from AndroidManifest.xml:9:9
supports-screens
ADDED from AndroidManifest.xml:12:5
	android:largeScreens
		ADDED from AndroidManifest.xml:14:9
	android:smallScreens
		ADDED from AndroidManifest.xml:16:9
	android:normalScreens
		ADDED from AndroidManifest.xml:15:9
	android:anyDensity
		ADDED from AndroidManifest.xml:13:9
uses-permission#android.permission.RECEIVE_BOOT_COMPLETED
ADDED from AndroidManifest.xml:18:5
	android:name
		ADDED from AndroidManifest.xml:18:22
uses-permission#android.permission.READ_CONTACTS
ADDED from AndroidManifest.xml:19:5
	android:name
		ADDED from AndroidManifest.xml:19:22
uses-permission#android.permission.READ_SYNC_SETTINGS
ADDED from AndroidManifest.xml:20:5
	android:name
		ADDED from AndroidManifest.xml:20:22
uses-permission#android.permission.WRITE_CONTACTS
ADDED from AndroidManifest.xml:23:5
	android:name
		ADDED from AndroidManifest.xml:23:22
uses-permission#android.permission.ACCESS_NETWORK_STATE
ADDED from AndroidManifest.xml:25:5
	android:name
		ADDED from AndroidManifest.xml:25:22
uses-permission#android.permission.INTERNET
ADDED from AndroidManifest.xml:26:5
	android:name
		ADDED from AndroidManifest.xml:26:22
uses-permission#android.permission.VIBRATE
ADDED from AndroidManifest.xml:27:5
	android:name
		ADDED from AndroidManifest.xml:27:22
uses-permission#android.permission.WAKE_LOCK
ADDED from AndroidManifest.xml:28:5
	android:name
		ADDED from AndroidManifest.xml:28:22
uses-permission#android.permission.WRITE_EXTERNAL_STORAGE
ADDED from AndroidManifest.xml:29:5
	android:name
		ADDED from AndroidManifest.xml:29:22
permission#${applicationId}.permission.READ_ATTACHMENT
ADDED from AndroidManifest.xml:31:5
	android:label
		ADDED from AndroidManifest.xml:34:9
	android:protectionLevel
		ADDED from AndroidManifest.xml:36:9
	android:permissionGroup
		ADDED from AndroidManifest.xml:35:9
	android:description
		ADDED from AndroidManifest.xml:33:9
	android:name
		ADDED from AndroidManifest.xml:32:9
		INJECTED from AndroidManifest.xml:0:0
uses-permission#${applicationId}.permission.READ_ATTACHMENT
ADDED from AndroidManifest.xml:37:5
	android:name
		ADDED from AndroidManifest.xml:37:22
		INJECTED from AndroidManifest.xml:0:0
permission#${applicationId}.permission.REMOTE_CONTROL
ADDED from AndroidManifest.xml:39:5
	android:label
		ADDED from AndroidManifest.xml:42:9
	android:protectionLevel
		ADDED from AndroidManifest.xml:44:9
	android:permissionGroup
		ADDED from AndroidManifest.xml:43:9
	android:description
		ADDED from AndroidManifest.xml:41:9
	android:name
		ADDED from AndroidManifest.xml:40:9
		INJECTED from AndroidManifest.xml:0:0
uses-permission#${applicationId}.permission.REMOTE_CONTROL
ADDED from AndroidManifest.xml:45:5
	android:name
		ADDED from AndroidManifest.xml:45:22
		INJECTED from AndroidManifest.xml:0:0
permission#${applicationId}.permission.READ_MESSAGES
ADDED from AndroidManifest.xml:47:5
	android:label
		ADDED from AndroidManifest.xml:50:9
	android:protectionLevel
		ADDED from AndroidManifest.xml:52:9
	android:permissionGroup
		ADDED from AndroidManifest.xml:51:9
	android:description
		ADDED from AndroidManifest.xml:49:9
	android:name
		ADDED from AndroidManifest.xml:48:9
		INJECTED from AndroidManifest.xml:0:0
uses-permission#${applicationId}.permission.READ_MESSAGES
ADDED from AndroidManifest.xml:53:5
	android:name
		ADDED from AndroidManifest.xml:53:22
		INJECTED from AndroidManifest.xml:0:0
permission#${applicationId}.permission.DELETE_MESSAGES
ADDED from AndroidManifest.xml:55:5
	android:label
		ADDED from AndroidManifest.xml:58:9
	android:protectionLevel
		ADDED from AndroidManifest.xml:60:9
	android:permissionGroup
		ADDED from AndroidManifest.xml:59:9
	android:description
		ADDED from AndroidManifest.xml:57:9
	android:name
		ADDED from AndroidManifest.xml:56:9
		INJECTED from AndroidManifest.xml:0:0
uses-permission#${applicationId}.permission.DELETE_MESSAGES
ADDED from AndroidManifest.xml:61:5
	android:name
		ADDED from AndroidManifest.xml:61:22
		INJECTED from AndroidManifest.xml:0:0
application
ADDED from AndroidManifest.xml:64:5
MERGED from k-9.plugins.Android-PullToRefresh:library:unspecified:9:5
MERGED from k-9.plugins:openpgp-api-library:unspecified:7:5
MERGED from com.android.support:support-v4:21.0.2:16:5
MERGED from com.android.support:support-v13:21.0.2:16:5
MERGED from com.android.support:support-v4:21.0.2:16:5
MERGED from de.cketti.library.changelog:ckchangelog:1.2.1:10:5
	android:label
		ADDED from AndroidManifest.xml:68:9
	android:allowTaskReparenting
		ADDED from AndroidManifest.xml:66:9
	android:icon
		ADDED from AndroidManifest.xml:67:9
	android:theme
		ADDED from AndroidManifest.xml:69:9
	android:name
		ADDED from AndroidManifest.xml:65:9
meta-data#android.app.default_searchable
ADDED from AndroidManifest.xml:71:9
	android:value
		ADDED from AndroidManifest.xml:73:13
	android:name
		ADDED from AndroidManifest.xml:72:13
activity#com.fsck.k9.activity.Accounts
ADDED from AndroidManifest.xml:75:9
	android:label
		ADDED from AndroidManifest.xml:78:13
	android:launchMode
		ADDED from AndroidManifest.xml:79:13
	android:configChanges
		ADDED from AndroidManifest.xml:77:13
	android:uiOptions
		ADDED from AndroidManifest.xml:80:13
	android:name
		ADDED from AndroidManifest.xml:76:13
intent-filter#android.intent.action.MAIN+android.intent.category.DEFAULT+android.intent.category.LAUNCHER
ADDED from AndroidManifest.xml:81:13
action#android.intent.action.MAIN
ADDED from AndroidManifest.xml:82:17
	android:name
		ADDED from AndroidManifest.xml:82:25
category#android.intent.category.DEFAULT
ADDED from AndroidManifest.xml:84:17
	android:name
		ADDED from AndroidManifest.xml:84:27
category#android.intent.category.LAUNCHER
ADDED from AndroidManifest.xml:85:17
	android:name
		ADDED from AndroidManifest.xml:85:27
intent-filter#android.intent.action.VIEW+android.intent.category.BROWSABLE+android.intent.category.DEFAULT
ADDED from AndroidManifest.xml:87:13
action#android.intent.action.VIEW
ADDED from AndroidManifest.xml:88:17
	android:name
		ADDED from AndroidManifest.xml:88:25
data
ADDED from AndroidManifest.xml:89:17
	android:mimeType
		ADDED from AndroidManifest.xml:89:23
category#android.intent.category.BROWSABLE
ADDED from AndroidManifest.xml:92:17
	android:name
		ADDED from AndroidManifest.xml:92:27
activity#com.fsck.k9.activity.setup.Prefs
ADDED from AndroidManifest.xml:96:9
	android:label
		ADDED from AndroidManifest.xml:100:13
	android:excludeFromRecents
		ADDED from AndroidManifest.xml:99:13
	android:configChanges
		ADDED from AndroidManifest.xml:98:13
	android:taskAffinity
		ADDED from AndroidManifest.xml:101:13
		INJECTED from AndroidManifest.xml:0:0
	android:name
		ADDED from AndroidManifest.xml:97:13
activity#com.fsck.k9.activity.setup.WelcomeMessage
ADDED from AndroidManifest.xml:103:9
	android:label
		ADDED from AndroidManifest.xml:106:13
	android:configChanges
		ADDED from AndroidManifest.xml:105:13
	android:name
		ADDED from AndroidManifest.xml:104:13
activity#com.fsck.k9.activity.setup.FontSizeSettings
ADDED from AndroidManifest.xml:108:9
	android:label
		ADDED from AndroidManifest.xml:111:13
	android:configChanges
		ADDED from AndroidManifest.xml:110:13
	android:name
		ADDED from AndroidManifest.xml:109:13
activity#com.fsck.k9.activity.setup.AccountSetupBasics
ADDED from AndroidManifest.xml:113:9
	android:label
		ADDED from AndroidManifest.xml:116:13
	android:configChanges
		ADDED from AndroidManifest.xml:115:13
	android:name
		ADDED from AndroidManifest.xml:114:13
activity#com.fsck.k9.activity.setup.AccountSetupAccountType
ADDED from AndroidManifest.xml:118:9
	android:label
		ADDED from AndroidManifest.xml:121:13
	android:configChanges
		ADDED from AndroidManifest.xml:120:13
	android:name
		ADDED from AndroidManifest.xml:119:13
activity#com.fsck.k9.activity.setup.AccountSetupIncoming
ADDED from AndroidManifest.xml:123:9
	android:label
		ADDED from AndroidManifest.xml:126:13
	android:configChanges
		ADDED from AndroidManifest.xml:125:13
	android:name
		ADDED from AndroidManifest.xml:124:13
activity#com.fsck.k9.activity.setup.AccountSetupComposition
ADDED from AndroidManifest.xml:128:9
	android:label
		ADDED from AndroidManifest.xml:131:13
	android:configChanges
		ADDED from AndroidManifest.xml:130:13
	android:name
		ADDED from AndroidManifest.xml:129:13
activity#com.fsck.k9.activity.setup.AccountSetupOutgoing
ADDED from AndroidManifest.xml:133:9
	android:label
		ADDED from AndroidManifest.xml:136:13
	android:configChanges
		ADDED from AndroidManifest.xml:135:13
	android:name
		ADDED from AndroidManifest.xml:134:13
activity#com.fsck.k9.activity.setup.AccountSetupOptions
ADDED from AndroidManifest.xml:138:9
	android:label
		ADDED from AndroidManifest.xml:141:13
	android:configChanges
		ADDED from AndroidManifest.xml:140:13
	android:name
		ADDED from AndroidManifest.xml:139:13
activity#com.fsck.k9.activity.setup.AccountSetupNames
ADDED from AndroidManifest.xml:143:9
	android:label
		ADDED from AndroidManifest.xml:146:13
	android:configChanges
		ADDED from AndroidManifest.xml:145:13
	android:name
		ADDED from AndroidManifest.xml:144:13
activity#com.fsck.k9.activity.ChooseFolder
ADDED from AndroidManifest.xml:148:9
	android:label
		ADDED from AndroidManifest.xml:151:13
	android:noHistory
		ADDED from AndroidManifest.xml:152:13
	android:configChanges
		ADDED from AndroidManifest.xml:150:13
	android:theme
		ADDED from AndroidManifest.xml:153:13
	android:name
		ADDED from AndroidManifest.xml:149:13
activity#com.fsck.k9.activity.ChooseIdentity
ADDED from AndroidManifest.xml:155:9
	android:label
		ADDED from AndroidManifest.xml:158:13
	android:configChanges
		ADDED from AndroidManifest.xml:157:13
	android:theme
		ADDED from AndroidManifest.xml:159:13
	android:name
		ADDED from AndroidManifest.xml:156:13
activity#com.fsck.k9.activity.ManageIdentities
ADDED from AndroidManifest.xml:161:9
	android:label
		ADDED from AndroidManifest.xml:164:13
	android:configChanges
		ADDED from AndroidManifest.xml:163:13
	android:name
		ADDED from AndroidManifest.xml:162:13
activity#com.fsck.k9.activity.EditIdentity
ADDED from AndroidManifest.xml:166:9
	android:label
		ADDED from AndroidManifest.xml:169:13
	android:configChanges
		ADDED from AndroidManifest.xml:168:13
	android:name
		ADDED from AndroidManifest.xml:167:13
activity#com.fsck.k9.activity.NotificationDeleteConfirmation
ADDED from AndroidManifest.xml:171:9
	android:excludeFromRecents
		ADDED from AndroidManifest.xml:173:13
	android:launchMode
		ADDED from AndroidManifest.xml:174:13
	android:theme
		ADDED from AndroidManifest.xml:176:13
	android:taskAffinity
		ADDED from AndroidManifest.xml:175:13
	android:name
		ADDED from AndroidManifest.xml:172:13
activity#com.fsck.k9.activity.setup.AccountSetupCheckSettings
ADDED from AndroidManifest.xml:180:9
	android:label
		ADDED from AndroidManifest.xml:183:13
	android:configChanges
		ADDED from AndroidManifest.xml:182:13
	android:name
		ADDED from AndroidManifest.xml:181:13
activity#com.fsck.k9.activity.setup.AccountSettings
ADDED from AndroidManifest.xml:185:9
	android:label
		ADDED from AndroidManifest.xml:188:13
	android:configChanges
		ADDED from AndroidManifest.xml:187:13
	android:name
		ADDED from AndroidManifest.xml:186:13
activity#com.fsck.k9.activity.setup.FolderSettings
ADDED from AndroidManifest.xml:190:9
	android:label
		ADDED from AndroidManifest.xml:193:13
	android:configChanges
		ADDED from AndroidManifest.xml:192:13
	android:theme
		ADDED from AndroidManifest.xml:194:13
	android:name
		ADDED from AndroidManifest.xml:191:13
activity#com.fsck.k9.activity.FolderList
ADDED from AndroidManifest.xml:196:9
	android:configChanges
		ADDED from AndroidManifest.xml:198:13
	android:uiOptions
		ADDED from AndroidManifest.xml:199:13
	android:name
		ADDED from AndroidManifest.xml:197:13
intent-filter#android.intent.action.MAIN
ADDED from AndroidManifest.xml:200:13
activity#com.fsck.k9.activity.MessageList
ADDED from AndroidManifest.xml:206:9
	android:launchMode
		ADDED from AndroidManifest.xml:209:13
	android:configChanges
		ADDED from AndroidManifest.xml:208:13
	android:uiOptions
		ADDED from AndroidManifest.xml:210:13
	android:name
		ADDED from AndroidManifest.xml:207:13
intent-filter#android.intent.action.VIEW+android.intent.category.DEFAULT
ADDED from AndroidManifest.xml:215:13
activity#com.fsck.k9.activity.MessageCompose
ADDED from AndroidManifest.xml:224:9
	android:enabled
		ADDED from AndroidManifest.xml:227:13
	android:label
		ADDED from AndroidManifest.xml:228:13
	android:configChanges
		ADDED from AndroidManifest.xml:226:13
	android:name
		ADDED from AndroidManifest.xml:225:13
intent-filter#android.intent.action.SENDTO+android.intent.category.DEFAULT
ADDED from AndroidManifest.xml:229:13
action#android.intent.action.SENDTO
ADDED from AndroidManifest.xml:230:17
	android:name
		ADDED from AndroidManifest.xml:230:25
intent-filter#android.intent.action.SEND+android.intent.category.DEFAULT
ADDED from AndroidManifest.xml:234:13
action#android.intent.action.SEND
ADDED from AndroidManifest.xml:235:17
	android:name
		ADDED from AndroidManifest.xml:235:25
intent-filter#android.intent.action.SEND_MULTIPLE+android.intent.category.DEFAULT
ADDED from AndroidManifest.xml:239:13
action#android.intent.action.SEND_MULTIPLE
ADDED from AndroidManifest.xml:240:17
	android:name
		ADDED from AndroidManifest.xml:240:25
activity#com.fsck.k9.activity.Search
ADDED from AndroidManifest.xml:254:9
	android:label
		ADDED from AndroidManifest.xml:257:13
	android:configChanges
		ADDED from AndroidManifest.xml:256:13
	android:uiOptions
		ADDED from AndroidManifest.xml:258:13
	android:name
		ADDED from AndroidManifest.xml:255:13
intent-filter#android.intent.action.SEARCH+android.intent.category.DEFAULT
ADDED from AndroidManifest.xml:259:13
action#android.intent.action.SEARCH
ADDED from AndroidManifest.xml:260:17
	android:name
		ADDED from AndroidManifest.xml:260:25
meta-data#android.app.searchable
ADDED from AndroidManifest.xml:263:13
	android:resource
		ADDED from AndroidManifest.xml:265:17
	android:name
		ADDED from AndroidManifest.xml:264:17
activity#com.fsck.k9.activity.LauncherShortcuts
ADDED from AndroidManifest.xml:268:9
	android:label
		ADDED from AndroidManifest.xml:271:13
	android:configChanges
		ADDED from AndroidManifest.xml:270:13
	android:name
		ADDED from AndroidManifest.xml:269:13
intent-filter#android.intent.action.CREATE_SHORTCUT+android.intent.category.DEFAULT
ADDED from AndroidManifest.xml:272:13
action#android.intent.action.CREATE_SHORTCUT
ADDED from AndroidManifest.xml:273:17
	android:name
		ADDED from AndroidManifest.xml:273:25
activity#com.fsck.k9.activity.EmailAddressList
ADDED from AndroidManifest.xml:278:9
	android:configChanges
		ADDED from AndroidManifest.xml:280:13
	android:name
		ADDED from AndroidManifest.xml:279:13
activity#com.fsck.k9.activity.UnreadWidgetConfiguration
ADDED from AndroidManifest.xml:282:9
	android:name
		ADDED from AndroidManifest.xml:282:19
intent-filter#android.appwidget.action.APPWIDGET_CONFIGURE
ADDED from AndroidManifest.xml:283:13
action#android.appwidget.action.APPWIDGET_CONFIGURE
ADDED from AndroidManifest.xml:284:17
	android:name
		ADDED from AndroidManifest.xml:284:25
activity#com.fsck.k9.activity.UpgradeDatabases
ADDED from AndroidManifest.xml:288:9
	android:label
		ADDED from AndroidManifest.xml:290:13
	android:name
		ADDED from AndroidManifest.xml:289:13
receiver#com.fsck.k9.service.BootReceiver
ADDED from AndroidManifest.xml:292:9
	android:enabled
		ADDED from AndroidManifest.xml:294:13
	android:name
		ADDED from AndroidManifest.xml:293:13
intent-filter#android.intent.action.BOOT_COMPLETED
ADDED from AndroidManifest.xml:295:13
action#android.intent.action.BOOT_COMPLETED
ADDED from AndroidManifest.xml:296:17
	android:name
		ADDED from AndroidManifest.xml:296:25
intent-filter#android.intent.action.DEVICE_STORAGE_LOW
ADDED from AndroidManifest.xml:298:13
action#android.intent.action.DEVICE_STORAGE_LOW
ADDED from AndroidManifest.xml:299:17
	android:name
		ADDED from AndroidManifest.xml:299:25
intent-filter#android.intent.action.DEVICE_STORAGE_OK
ADDED from AndroidManifest.xml:301:13
action#android.intent.action.DEVICE_STORAGE_OK
ADDED from AndroidManifest.xml:302:17
	android:name
		ADDED from AndroidManifest.xml:302:25
intent-filter#android.net.conn.CONNECTIVITY_CHANGE
ADDED from AndroidManifest.xml:304:13
action#android.net.conn.CONNECTIVITY_CHANGE
ADDED from AndroidManifest.xml:305:17
	android:name
		ADDED from AndroidManifest.xml:305:25
intent-filter#android.net.conn.BACKGROUND_DATA_SETTING_CHANGED
ADDED from AndroidManifest.xml:307:13
action#android.net.conn.BACKGROUND_DATA_SETTING_CHANGED
ADDED from AndroidManifest.xml:308:17
	android:name
		ADDED from AndroidManifest.xml:308:25
intent-filter#com.android.sync.SYNC_CONN_STATUS_CHANGED
ADDED from AndroidManifest.xml:310:13
action#com.android.sync.SYNC_CONN_STATUS_CHANGED
ADDED from AndroidManifest.xml:311:17
	android:name
		ADDED from AndroidManifest.xml:311:25
receiver#com.fsck.k9.service.RemoteControlReceiver
ADDED from AndroidManifest.xml:315:9
	android:enabled
		ADDED from AndroidManifest.xml:317:13
	android:permission
		ADDED from AndroidManifest.xml:318:13
		INJECTED from AndroidManifest.xml:0:0
	android:name
		ADDED from AndroidManifest.xml:316:13
intent-filter#${applicationId}.K9RemoteControl.set
ADDED from AndroidManifest.xml:319:13
action#${applicationId}.K9RemoteControl.set
ADDED from AndroidManifest.xml:320:17
	android:name
		ADDED from AndroidManifest.xml:320:25
		INJECTED from AndroidManifest.xml:0:0
intent-filter#${applicationId}.K9RemoteControl.requestAccounts
ADDED from AndroidManifest.xml:322:13
action#${applicationId}.K9RemoteControl.requestAccounts
ADDED from AndroidManifest.xml:323:17
	android:name
		ADDED from AndroidManifest.xml:323:25
		INJECTED from AndroidManifest.xml:0:0
receiver#com.fsck.k9.service.CoreReceiver
ADDED from AndroidManifest.xml:327:9
	android:exported
		ADDED from AndroidManifest.xml:329:13
	android:name
		ADDED from AndroidManifest.xml:328:13
receiver#com.fsck.k9.service.StorageReceiver
ADDED from AndroidManifest.xml:331:9
	android:enabled
		ADDED from AndroidManifest.xml:333:13
	android:name
		ADDED from AndroidManifest.xml:332:13
intent-filter#android.intent.action.MEDIA_MOUNTED
ADDED from AndroidManifest.xml:334:13
action#android.intent.action.MEDIA_MOUNTED
ADDED from AndroidManifest.xml:344:17
	android:name
		ADDED from AndroidManifest.xml:344:25
receiver#com.fsck.k9.provider.UnreadWidgetProvider
ADDED from AndroidManifest.xml:355:9
	android:label
		ADDED from AndroidManifest.xml:358:13
	android:icon
		ADDED from AndroidManifest.xml:357:13
	android:name
		ADDED from AndroidManifest.xml:356:13
intent-filter#android.appwidget.action.APPWIDGET_UPDATE
ADDED from AndroidManifest.xml:359:13
action#android.appwidget.action.APPWIDGET_UPDATE
ADDED from AndroidManifest.xml:360:17
	android:name
		ADDED from AndroidManifest.xml:360:25
meta-data#android.appwidget.provider
ADDED from AndroidManifest.xml:362:13
	android:resource
		ADDED from AndroidManifest.xml:364:17
	android:name
		ADDED from AndroidManifest.xml:363:17
service#com.fsck.k9.service.MailService
ADDED from AndroidManifest.xml:367:9
	android:enabled
		ADDED from AndroidManifest.xml:369:13
	android:name
		ADDED from AndroidManifest.xml:368:13
service#com.fsck.k9.service.NotificationActionService
ADDED from AndroidManifest.xml:371:9
	android:enabled
		ADDED from AndroidManifest.xml:373:13
	android:name
		ADDED from AndroidManifest.xml:372:13
service#com.fsck.k9.service.PushService
ADDED from AndroidManifest.xml:375:9
	android:enabled
		ADDED from AndroidManifest.xml:377:13
	android:name
		ADDED from AndroidManifest.xml:376:13
service#com.fsck.k9.service.PollService
ADDED from AndroidManifest.xml:379:9
	android:enabled
		ADDED from AndroidManifest.xml:381:13
	android:name
		ADDED from AndroidManifest.xml:380:13
service#com.fsck.k9.service.RemoteControlService
ADDED from AndroidManifest.xml:383:9
	android:enabled
		ADDED from AndroidManifest.xml:385:13
	android:permission
		ADDED from AndroidManifest.xml:386:13
		INJECTED from AndroidManifest.xml:0:0
	android:name
		ADDED from AndroidManifest.xml:384:13
service#com.fsck.k9.service.SleepService
ADDED from AndroidManifest.xml:388:9
	android:enabled
		ADDED from AndroidManifest.xml:390:13
	android:name
		ADDED from AndroidManifest.xml:389:13
service#com.fsck.k9.service.DatabaseUpgradeService
ADDED from AndroidManifest.xml:392:9
	android:exported
		ADDED from AndroidManifest.xml:394:13
	android:name
		ADDED from AndroidManifest.xml:393:13
provider#com.fsck.k9.provider.AttachmentProvider
ADDED from AndroidManifest.xml:396:9
	android:readPermission
		ADDED from AndroidManifest.xml:402:13
		INJECTED from AndroidManifest.xml:0:0
	android:authorities
		ADDED from AndroidManifest.xml:398:13
		INJECTED from AndroidManifest.xml:0:0
	android:grantUriPermissions
		ADDED from AndroidManifest.xml:400:13
	android:multiprocess
		ADDED from AndroidManifest.xml:401:13
	android:exported
		ADDED from AndroidManifest.xml:399:13
	android:name
		ADDED from AndroidManifest.xml:397:13
provider#com.fsck.k9.provider.MessageProvider
ADDED from AndroidManifest.xml:404:9
	android:readPermission
		ADDED from AndroidManifest.xml:410:13
		INJECTED from AndroidManifest.xml:0:0
	android:authorities
		ADDED from AndroidManifest.xml:406:13
		INJECTED from AndroidManifest.xml:0:0
	android:grantUriPermissions
		ADDED from AndroidManifest.xml:408:13
	android:multiprocess
		ADDED from AndroidManifest.xml:409:13
	android:exported
		ADDED from AndroidManifest.xml:407:13
	android:name
		ADDED from AndroidManifest.xml:405:13
	android:writePermission
		ADDED from AndroidManifest.xml:411:13
		INJECTED from AndroidManifest.xml:0:0
provider#com.fsck.k9.provider.EmailProvider
ADDED from AndroidManifest.xml:413:9
	android:authorities
		ADDED from AndroidManifest.xml:415:13
		INJECTED from AndroidManifest.xml:0:0
	android:exported
		ADDED from AndroidManifest.xml:416:13
	android:name
		ADDED from AndroidManifest.xml:414:13
provider#com.fsck.k9.provider.K9FileProvider
ADDED from AndroidManifest.xml:418:9
	android:authorities
		ADDED from AndroidManifest.xml:420:13
		INJECTED from AndroidManifest.xml:0:0
	android:grantUriPermissions
		ADDED from AndroidManifest.xml:422:13
	android:exported
		ADDED from AndroidManifest.xml:421:13
	android:name
		ADDED from AndroidManifest.xml:419:13
meta-data#android.support.FILE_PROVIDER_PATHS
ADDED from AndroidManifest.xml:424:13
	android:resource
		ADDED from AndroidManifest.xml:426:17
	android:name
		ADDED from AndroidManifest.xml:425:17
uses-sdk
INJECTED from AndroidManifest.xml:0:0 reason: use-sdk injection requested
MERGED from k-9:k9mail-library:unspecified:6:5
MERGED from k-9.plugins.Android-PullToRefresh:library:unspecified:7:5
MERGED from k-9.plugins:HoloColorPicker:unspecified:7:5
MERGED from k-9.plugins:openpgp-api-library:unspecified:5:5
MERGED from com.android.support:support-v4:21.0.2:15:5
MERGED from com.android.support:support-v13:21.0.2:15:5
MERGED from com.android.support:support-v4:21.0.2:15:5
MERGED from de.cketti.library.changelog:ckchangelog:1.2.1:6:5
	android:targetSdkVersion
		INJECTED from AndroidManifest.xml:0:0
		INJECTED from AndroidManifest.xml:0:0
	android:minSdkVersion
		INJECTED from AndroidManifest.xml:0:0
		INJECTED from AndroidManifest.xml:0:0